[debug] ----------------------------------------------------------------------
[debug] Command:      /usr/local/bin/node /usr/local/bin/firebase serve
[debug] CLI Version:  3.0.7
[debug] Platform:     darwin
[debug] Node Version: v4.5.0
[debug] Time:         Sun Sep 25 2016 16:01:29 GMT-0400 (EDT)
[debug] ----------------------------------------------------------------------
[debug] 
[info] Starting Firebase development server...
[info] 
[info] Project Directory: /Users/sravyakalva/WebstormProjects/PriceSavior
[info] Public Directory: public
[info] 
[info] Server listening at: http://localhost:5000
[debug] ----------------------------------------------------------------------
[debug] Command:      /usr/local/bin/node /usr/local/bin/firebase serve
[debug] CLI Version:  3.0.7
[debug] Platform:     darwin
[debug] Node Version: v4.5.0
[debug] Time:         Mon Sep 26 2016 00:23:42 GMT-0400 (EDT)
[debug] ----------------------------------------------------------------------
[debug] 
[info] Starting Firebase development server...
[info] 
[info] Project Directory: /Users/sravyakalva/WebstormProjects/PriceSavior
[info] Public Directory: public
[info] 
[info] Server listening at: http://localhost:5000
[debug] ----------------------------------------------------------------------
[debug] Command:      /usr/local/bin/node /usr/local/bin/firebase serve
[debug] CLI Version:  3.0.7
[debug] Platform:     darwin
[debug] Node Version: v4.5.0
[debug] Time:         Mon Sep 26 2016 13:43:48 GMT-0400 (EDT)
[debug] ----------------------------------------------------------------------
[debug] 
[info] Starting Firebase development server...
[info] 
[info] Project Directory: /Users/sravyakalva/WebstormProjects/PriceSavior
[info] Public Directory: public
[info] 
[info] Server listening at: http://localhost:5000
[debug] ----------------------------------------------------------------------
[debug] Command:      /usr/local/bin/node /usr/local/bin/firebase serve
[debug] CLI Version:  3.0.7
[debug] Platform:     darwin
[debug] Node Version: v4.5.0
[debug] Time:         Mon Sep 26 2016 23:22:14 GMT-0400 (EDT)
[debug] ----------------------------------------------------------------------
[debug] 
[info] Starting Firebase development server...
[info] 
[info] Project Directory: /Users/sravyakalva/WebstormProjects/PriceSavior
[warn] ⚠  Port 5000 is not available. Trying another port...
[info] Public Directory: public
[info] 
[info] Server listening at: http://localhost:5001
