[0914/182726:ERROR:process_info.cc(330)] VirtualQueryEx: Access is denied. (0x5)
[0914/182726:ERROR:process_info.cc(547)] ReadMemoryInfo failed
[0914/182726:ERROR:process_info.cc(608)] range at 0x7ffe4e9423a0, size 0x40 fully unreadable
[0914/182726:ERROR:process_info.cc(608)] range at 0x26839813c80, size 0x84 fully unreadable
[0914/182726:ERROR:process_info.cc(608)] range at 0x268398122e8, size 0x76 fully unreadable
[0914/182726:ERROR:process_info.cc(608)] range at 0x2683981234a, size 0x14 fully unreadable
[0914/182726:ERROR:process_info.cc(608)] range at 0x26839813af0, size 0x84 fully unreadable
[0914/182726:ERROR:process_info.cc(608)] range at 0x268398139f0, size 0x3a fully unreadable
[0914/182726:ERROR:process_info.cc(608)] range at 0x7ffe4e90b7c0, size 0x12 fully unreadable
[0914/182726:ERROR:process_info.cc(608)] range at 0x268398141e0, size 0x84 fully unreadable
[0914/182726:ERROR:process_info.cc(608)] range at 0x26839814370, size 0x40 fully unreadable
[0914/182726:ERROR:process_info.cc(608)] range at 0x26839814398, size 0x18 fully unreadable
[0914/182726:ERROR:process_info.cc(608)] range at 0x268398146b0, size 0x84 fully unreadable
[0914/182726:ERROR:process_info.cc(608)] range at 0x26839814840, size 0x44 fully unreadable
[0914/182726:ERROR:process_info.cc(608)] range at 0x26839814868, size 0x1c fully unreadable
[0914/182726:ERROR:process_info.cc(608)] range at 0x26839815fd0, size 0x84 fully unreadable
[0914/182726:ERROR:process_info.cc(608)] range at 0x26839814650, size 0x3e fully unreadable
[0914/182726:ERROR:process_info.cc(608)] range at 0x26839814678, size 0x16 fully unreadable
[0914/182726:ERROR:process_info.cc(608)] range at 0x26839819140, size 0x84 fully unreadable
[0914/182726:ERROR:process_info.cc(608)] range at 0x268398192d0, size 0x56 fully unreadable
[0914/182726:ERROR:process_info.cc(608)] range at 0x2683981930e, size 0x18 fully unreadable
[0914/182726:ERROR:process_info.cc(608)] range at 0x2683981ea00, size 0x84 fully unreadable
[0914/182726:ERROR:process_info.cc(608)] range at 0x2683981eb90, size 0x3c fully unreadable
[0914/182726:ERROR:process_info.cc(608)] range at 0x2683981ebb8, size 0x14 fully unreadable
[0914/182726:ERROR:process_info.cc(608)] range at 0x2683981ed70, size 0x84 fully unreadable
[0914/182726:ERROR:process_info.cc(608)] range at 0x2683981ef00, size 0x3e fully unreadable
[0914/182726:ERROR:process_info.cc(608)] range at 0x2683981ef28, size 0x16 fully unreadable
[0914/182726:ERROR:process_info.cc(608)] range at 0x268398195f0, size 0x84 fully unreadable
[0914/182726:ERROR:process_info.cc(608)] range at 0x26839819720, size 0x3c fully unreadable
[0914/182726:ERROR:process_info.cc(608)] range at 0x26839819748, size 0x14 fully unreadable
[0914/182726:ERROR:process_info.cc(608)] range at 0x2683981efb0, size 0x84 fully unreadable
[0914/182726:ERROR:process_info.cc(608)] range at 0x26839819bc0, size 0x3e fully unreadable
[0914/182726:ERROR:process_info.cc(608)] range at 0x26839819be8, size 0x16 fully unreadable
[0914/182726:ERROR:process_info.cc(608)] range at 0x2683981f330, size 0x84 fully unreadable
[0914/182726:ERROR:process_info.cc(608)] range at 0x2683981f4c0, size 0x3e fully unreadable
[0914/182726:ERROR:process_info.cc(608)] range at 0x2683981f4e8, size 0x16 fully unreadable
[0914/182726:ERROR:process_info.cc(608)] range at 0x2683981f740, size 0x84 fully unreadable
[0914/182726:ERROR:process_info.cc(608)] range at 0x26839820080, size 0x40 fully unreadable
[0914/182726:ERROR:process_info.cc(608)] range at 0x268398200a8, size 0x18 fully unreadable
[0914/182726:ERROR:process_info.cc(608)] range at 0x26839820270, size 0x84 fully unreadable
[0914/182726:ERROR:process_info.cc(608)] range at 0x2683981ffe0, size 0x50 fully unreadable
[0914/182726:ERROR:process_info.cc(608)] range at 0x26839820008, size 0x28 fully unreadable
[0914/182726:ERROR:process_info.cc(608)] range at 0x268398204d0, size 0x84 fully unreadable
[0914/182726:ERROR:process_info.cc(608)] range at 0x26839820600, size 0x3a fully unreadable
[0914/182726:ERROR:process_info.cc(608)] range at 0x26839820628, size 0x12 fully unreadable
[0914/182726:ERROR:process_info.cc(608)] range at 0x26839820740, size 0x84 fully unreadable
[0914/182726:ERROR:process_info.cc(608)] range at 0x26839820870, size 0x42 fully unreadable
[0914/182726:ERROR:process_info.cc(608)] range at 0x26839820898, size 0x1a fully unreadable
[0914/182726:ERROR:process_info.cc(608)] range at 0x26839821280, size 0x84 fully unreadable
[0914/182726:ERROR:process_info.cc(608)] range at 0x26839821720, size 0x3c fully unreadable
[0914/182726:ERROR:process_info.cc(608)] range at 0x26839821748, size 0x14 fully unreadable
[0914/182726:ERROR:process_info.cc(608)] range at 0x26839822050, size 0x84 fully unreadable
[0914/182726:ERROR:process_info.cc(608)] range at 0x268398214a0, size 0x3c fully unreadable
[0914/182726:ERROR:process_info.cc(608)] range at 0x268398214c8, size 0x14 fully unreadable
[0914/182726:ERROR:process_info.cc(608)] range at 0x26839821df0, size 0x84 fully unreadable
[0914/182726:ERROR:process_info.cc(608)] range at 0x26839821770, size 0x3a fully unreadable
[0914/182726:ERROR:process_info.cc(608)] range at 0x26839821798, size 0x12 fully unreadable
[0914/182726:ERROR:process_info.cc(608)] range at 0x26839821f20, size 0x84 fully unreadable
[0914/182726:ERROR:process_info.cc(608)] range at 0x268398217c0, size 0x3e fully unreadable
[0914/182726:ERROR:process_info.cc(608)] range at 0x268398217e8, size 0x16 fully unreadable
[0914/182726:ERROR:process_info.cc(608)] range at 0x26839822510, size 0x84 fully unreadable
[0914/182726:ERROR:process_info.cc(608)] range at 0x268398216d0, size 0x40 fully unreadable
[0914/182726:ERROR:process_info.cc(608)] range at 0x268398216f8, size 0x18 fully unreadable
[0914/182726:ERROR:process_info.cc(608)] range at 0x268398222b0, size 0x84 fully unreadable
[0914/182726:ERROR:process_info.cc(608)] range at 0x2683981f980, size 0x4e fully unreadable
[0914/182726:ERROR:process_info.cc(608)] range at 0x2683981f9a8, size 0x26 fully unreadable
[0914/182726:ERROR:process_info.cc(608)] range at 0x26839822180, size 0x84 fully unreadable
[0914/182726:ERROR:process_info.cc(608)] range at 0x268398218b0, size 0x40 fully unreadable
[0914/182726:ERROR:process_info.cc(608)] range at 0x268398218d8, size 0x18 fully unreadable
[0914/182726:ERROR:process_info.cc(608)] range at 0x268398223e0, size 0x84 fully unreadable
[0914/182726:ERROR:process_info.cc(608)] range at 0x26839821900, size 0x40 fully unreadable
[0914/182726:ERROR:process_info.cc(608)] range at 0x26839821928, size 0x18 fully unreadable
[0914/182726:ERROR:process_info.cc(608)] range at 0x268398228a0, size 0x84 fully unreadable
[0914/182726:ERROR:process_info.cc(608)] range at 0x2683981f9e0, size 0x4c fully unreadable
[0914/182726:ERROR:process_info.cc(608)] range at 0x2683981fa08, size 0x24 fully unreadable
[0914/182726:ERROR:process_info.cc(608)] range at 0x26839822c30, size 0x84 fully unreadable
[0914/182726:ERROR:process_info.cc(608)] range at 0x26839821450, size 0x3c fully unreadable
[0914/182726:ERROR:process_info.cc(608)] range at 0x26839821478, size 0x14 fully unreadable
[0914/182726:ERROR:process_info.cc(608)] range at 0x26839822640, size 0x84 fully unreadable
[0914/182726:ERROR:process_info.cc(608)] range at 0x26839821950, size 0x3e fully unreadable
[0914/182726:ERROR:process_info.cc(608)] range at 0x26839821978, size 0x16 fully unreadable
[0914/182726:ERROR:process_info.cc(608)] range at 0x26839819910, size 0x84 fully unreadable
[0914/182726:ERROR:process_info.cc(608)] range at 0x268398219a0, size 0x3e fully unreadable
[0914/182726:ERROR:process_info.cc(608)] range at 0x268398219c8, size 0x16 fully unreadable
[0914/182726:ERROR:process_info.cc(608)] range at 0x26839822770, size 0x84 fully unreadable
[0914/182726:ERROR:process_info.cc(608)] range at 0x268398219f0, size 0x3e fully unreadable
[0914/182726:ERROR:process_info.cc(608)] range at 0x26839821a18, size 0x16 fully unreadable
[0914/182726:ERROR:process_info.cc(608)] range at 0x268398229d0, size 0x84 fully unreadable
[0914/182726:ERROR:process_info.cc(608)] range at 0x268398193e0, size 0x36 fully unreadable
[0914/182726:ERROR:process_info.cc(608)] range at 0x26839819408, size 0xe fully unreadable
[0914/182726:ERROR:process_info.cc(608)] range at 0x26839822b00, size 0x84 fully unreadable
[0914/182726:ERROR:process_info.cc(608)] range at 0x26839821b30, size 0x3a fully unreadable
[0914/182726:ERROR:process_info.cc(608)] range at 0x26839821b58, size 0x12 fully unreadable
[0914/182726:ERROR:process_info.cc(608)] range at 0x2683982f280, size 0x84 fully unreadable
[0914/182726:ERROR:process_info.cc(608)] range at 0x26839830cf0, size 0x9a fully unreadable
[0914/182726:ERROR:process_info.cc(608)] range at 0x26839830d6e, size 0x1c fully unreadable
[0914/182726:ERROR:process_info.cc(608)] range at 0x26839830580, size 0x84 fully unreadable
[0914/182726:ERROR:process_info.cc(608)] range at 0x2683982b910, size 0x3e fully unreadable
[0914/182726:ERROR:process_info.cc(608)] range at 0x2683982b938, size 0x16 fully unreadable
[0914/182726:ERROR:process_info.cc(608)] range at 0x2683982f3b0, size 0x84 fully unreadable
[0914/182726:ERROR:process_info.cc(608)] range at 0x2683982ba00, size 0x3a fully unreadable
[0914/182726:ERROR:process_info.cc(608)] range at 0x2683982ba28, size 0x12 fully unreadable
[0914/182726:ERROR:process_info.cc(608)] range at 0x26839830450, size 0x84 fully unreadable
[0914/182726:ERROR:process_info.cc(608)] range at 0x2683982c6d0, size 0x40 fully unreadable
[0914/182726:ERROR:process_info.cc(608)] range at 0x2683982c6f8, size 0x18 fully unreadable
[0914/182726:ERROR:process_info.cc(608)] range at 0x2683982eb60, size 0x84 fully unreadable
[0914/182726:ERROR:process_info.cc(608)] range at 0x2683982c770, size 0x3e fully unreadable
[0914/182726:ERROR:process_info.cc(608)] range at 0x2683982c798, size 0x16 fully unreadable
[0914/182726:ERROR:process_info.cc(608)] range at 0x2683982f4e0, size 0x84 fully unreadable
[0914/182726:ERROR:process_info.cc(608)] range at 0x2683982c090, size 0x42 fully unreadable
[0914/182726:ERROR:process_info.cc(608)] range at 0x2683982c0b8, size 0x1a fully unreadable
[0914/182726:ERROR:process_info.cc(608)] range at 0x268398301f0, size 0x84 fully unreadable
[0914/182726:ERROR:process_info.cc(608)] range at 0x2683982baa0, size 0x42 fully unreadable
[0914/182726:ERROR:process_info.cc(608)] range at 0x2683982bac8, size 0x1a fully unreadable
[0914/182726:ERROR:process_info.cc(608)] range at 0x268398300c0, size 0x84 fully unreadable
[0914/182726:ERROR:process_info.cc(608)] range at 0x2683982c040, size 0x3c fully unreadable
[0914/182726:ERROR:process_info.cc(608)] range at 0x2683982c068, size 0x14 fully unreadable
[0914/182726:ERROR:process_info.cc(608)] range at 0x26839830320, size 0x84 fully unreadable
[0914/182726:ERROR:process_info.cc(608)] range at 0x2683982c590, size 0x40 fully unreadable
[0914/182726:ERROR:process_info.cc(608)] range at 0x2683982c5b8, size 0x18 fully unreadable
[0914/182726:ERROR:process_info.cc(608)] range at 0x2683982ec90, size 0x84 fully unreadable
[0914/182726:ERROR:process_info.cc(608)] range at 0x26839844610, size 0x9e fully unreadable
[0914/182726:ERROR:process_info.cc(608)] range at 0x2683984468e, size 0x20 fully unreadable
[0914/182726:ERROR:process_info.cc(608)] range at 0x2683982f610, size 0x84 fully unreadable
[0914/182726:ERROR:process_info.cc(608)] range at 0x26839853c60, size 0x3a fully unreadable
[0914/182726:ERROR:process_info.cc(608)] range at 0x26839853c88, size 0x12 fully unreadable
[0914/182726:ERROR:process_info.cc(608)] range at 0x2683982f740, size 0x84 fully unreadable
[0914/182726:ERROR:process_info.cc(608)] range at 0x26839853d50, size 0x40 fully unreadable
[0914/182726:ERROR:process_info.cc(608)] range at 0x26839853d78, size 0x18 fully unreadable
[0914/182726:ERROR:process_info.cc(608)] range at 0x2683982f020, size 0x84 fully unreadable
[0914/182726:ERROR:process_info.cc(608)] range at 0x26839853760, size 0x3c fully unreadable
[0914/182726:ERROR:process_info.cc(608)] range at 0x26839853788, size 0x14 fully unreadable
[0914/182726:ERROR:process_info.cc(608)] range at 0x268398306b0, size 0x84 fully unreadable
[0914/182726:ERROR:process_info.cc(608)] range at 0x26839853f80, size 0x40 fully unreadable
[0914/182726:ERROR:process_info.cc(608)] range at 0x26839853fa8, size 0x18 fully unreadable
[0914/182726:ERROR:process_info.cc(608)] range at 0x268398307e0, size 0x84 fully unreadable
[0914/182726:ERROR:process_info.cc(608)] range at 0x26839853800, size 0x3c fully unreadable
[0914/182726:ERROR:process_info.cc(608)] range at 0x26839853828, size 0x14 fully unreadable
[0914/182726:ERROR:process_info.cc(608)] range at 0x2683982f150, size 0x84 fully unreadable
[0914/182726:ERROR:process_info.cc(608)] range at 0x268398542a0, size 0x3e fully unreadable
[0914/182726:ERROR:process_info.cc(608)] range at 0x268398542c8, size 0x16 fully unreadable
[0914/182726:ERROR:process_info.cc(608)] range at 0x2683982eef0, size 0x84 fully unreadable
[0914/182726:ERROR:process_info.cc(608)] range at 0x268398541b0, size 0x40 fully unreadable
[0914/182726:ERROR:process_info.cc(608)] range at 0x268398541d8, size 0x18 fully unreadable
[0914/182726:ERROR:process_info.cc(608)] range at 0x2683982edc0, size 0x84 fully unreadable
[0914/182726:ERROR:process_info.cc(608)] range at 0x26839854f90, size 0xf2 fully unreadable
[0914/182726:ERROR:process_info.cc(608)] range at 0x2683985506a, size 0x18 fully unreadable
[0914/182726:ERROR:process_info.cc(608)] range at 0x2683982fad0, size 0x84 fully unreadable
[0914/182726:ERROR:process_info.cc(608)] range at 0x26839853440, size 0x40 fully unreadable
[0914/182726:ERROR:process_info.cc(608)] range at 0x26839853468, size 0x18 fully unreadable
[0914/182726:ERROR:process_info.cc(608)] range at 0x2683982f870, size 0x84 fully unreadable
[0914/182726:ERROR:process_info.cc(608)] range at 0x26839853530, size 0x3a fully unreadable
[0914/182726:ERROR:process_info.cc(608)] range at 0x26839853558, size 0x12 fully unreadable
[0914/182726:ERROR:process_info.cc(608)] range at 0x2683982fd30, size 0x84 fully unreadable
[0914/182726:ERROR:process_info.cc(608)] range at 0x26839854200, size 0x3e fully unreadable
[0914/182726:ERROR:process_info.cc(608)] range at 0x26839854228, size 0x16 fully unreadable
[0914/182726:ERROR:process_info.cc(608)] range at 0x2683982f9a0, size 0x84 fully unreadable
[0914/182726:ERROR:process_info.cc(608)] range at 0x268398536c0, size 0x3c fully unreadable
[0914/182726:ERROR:process_info.cc(608)] range at 0x268398536e8, size 0x14 fully unreadable
[0914/182726:ERROR:process_info.cc(608)] range at 0x26839813c80, size 0x84 fully unreadable
[0914/182726:ERROR:process_info.cc(608)] range at 0x268398122e8, size 0x76 fully unreadable
[0914/182726:ERROR:process_info.cc(608)] range at 0x2683981234a, size 0x14 fully unreadable
[0914/182726:ERROR:process_info.cc(608)] range at 0x26839813af0, size 0x84 fully unreadable
[0914/182726:ERROR:process_info.cc(608)] range at 0x268398139f0, size 0x3a fully unreadable
[0914/182726:ERROR:process_info.cc(608)] range at 0x7ffe4e90b7c0, size 0x12 fully unreadable
[0914/182726:ERROR:process_info.cc(608)] range at 0x268398141e0, size 0x84 fully unreadable
[0914/182726:ERROR:process_info.cc(608)] range at 0x26839814370, size 0x40 fully unreadable
[0914/182726:ERROR:process_info.cc(608)] range at 0x26839814398, size 0x18 fully unreadable
[0914/182726:ERROR:process_info.cc(608)] range at 0x268398146b0, size 0x84 fully unreadable
[0914/182726:ERROR:process_info.cc(608)] range at 0x26839814840, size 0x44 fully unreadable
[0914/182726:ERROR:process_info.cc(608)] range at 0x26839814868, size 0x1c fully unreadable
[0914/182726:ERROR:process_info.cc(608)] range at 0x26839815fd0, size 0x84 fully unreadable
[0914/182726:ERROR:process_info.cc(608)] range at 0x26839814650, size 0x3e fully unreadable
[0914/182726:ERROR:process_info.cc(608)] range at 0x26839814678, size 0x16 fully unreadable
[0914/182726:ERROR:process_info.cc(608)] range at 0x26839819140, size 0x84 fully unreadable
[0914/182726:ERROR:process_info.cc(608)] range at 0x268398192d0, size 0x56 fully unreadable
[0914/182726:ERROR:process_info.cc(608)] range at 0x2683981930e, size 0x18 fully unreadable
[0914/182726:ERROR:process_info.cc(608)] range at 0x2683981ea00, size 0x84 fully unreadable
[0914/182726:ERROR:process_info.cc(608)] range at 0x2683981eb90, size 0x3c fully unreadable
[0914/182726:ERROR:process_info.cc(608)] range at 0x2683981ebb8, size 0x14 fully unreadable
[0914/182726:ERROR:process_info.cc(608)] range at 0x2683981ed70, size 0x84 fully unreadable
[0914/182726:ERROR:process_info.cc(608)] range at 0x2683981ef00, size 0x3e fully unreadable
[0914/182726:ERROR:process_info.cc(608)] range at 0x2683981ef28, size 0x16 fully unreadable
[0914/182726:ERROR:process_info.cc(608)] range at 0x268398195f0, size 0x84 fully unreadable
[0914/182726:ERROR:process_info.cc(608)] range at 0x26839819720, size 0x3c fully unreadable
[0914/182726:ERROR:process_info.cc(608)] range at 0x26839819748, size 0x14 fully unreadable
[0914/182726:ERROR:process_info.cc(608)] range at 0x2683981efb0, size 0x84 fully unreadable
[0914/182726:ERROR:process_info.cc(608)] range at 0x26839819bc0, size 0x3e fully unreadable
[0914/182726:ERROR:process_info.cc(608)] range at 0x26839819be8, size 0x16 fully unreadable
[0914/182726:ERROR:process_info.cc(608)] range at 0x2683981f330, size 0x84 fully unreadable
[0914/182726:ERROR:process_info.cc(608)] range at 0x2683981f4c0, size 0x3e fully unreadable
[0914/182726:ERROR:process_info.cc(608)] range at 0x2683981f4e8, size 0x16 fully unreadable
[0914/182726:ERROR:process_info.cc(608)] range at 0x2683981f740, size 0x84 fully unreadable
[0914/182726:ERROR:process_info.cc(608)] range at 0x26839820080, size 0x40 fully unreadable
[0914/182726:ERROR:process_info.cc(608)] range at 0x268398200a8, size 0x18 fully unreadable
[0914/182726:ERROR:process_info.cc(608)] range at 0x26839820270, size 0x84 fully unreadable
[0914/182726:ERROR:process_info.cc(608)] range at 0x2683981ffe0, size 0x50 fully unreadable
[0914/182726:ERROR:process_info.cc(608)] range at 0x26839820008, size 0x28 fully unreadable
[0914/182726:ERROR:process_info.cc(608)] range at 0x268398204d0, size 0x84 fully unreadable
[0914/182726:ERROR:process_info.cc(608)] range at 0x26839820600, size 0x3a fully unreadable
[0914/182726:ERROR:process_info.cc(608)] range at 0x26839820628, size 0x12 fully unreadable
[0914/182726:ERROR:process_info.cc(608)] range at 0x26839820740, size 0x84 fully unreadable
[0914/182726:ERROR:process_info.cc(608)] range at 0x26839820870, size 0x42 fully unreadable
[0914/182726:ERROR:process_info.cc(608)] range at 0x26839820898, size 0x1a fully unreadable
[0914/182726:ERROR:process_info.cc(608)] range at 0x26839821280, size 0x84 fully unreadable
[0914/182726:ERROR:process_info.cc(608)] range at 0x26839821720, size 0x3c fully unreadable
[0914/182726:ERROR:process_info.cc(608)] range at 0x26839821748, size 0x14 fully unreadable
[0914/182726:ERROR:process_info.cc(608)] range at 0x26839822050, size 0x84 fully unreadable
[0914/182726:ERROR:process_info.cc(608)] range at 0x268398214a0, size 0x3c fully unreadable
[0914/182726:ERROR:process_info.cc(608)] range at 0x268398214c8, size 0x14 fully unreadable
[0914/182726:ERROR:process_info.cc(608)] range at 0x26839821df0, size 0x84 fully unreadable
[0914/182726:ERROR:process_info.cc(608)] range at 0x26839821770, size 0x3a fully unreadable
[0914/182726:ERROR:process_info.cc(608)] range at 0x26839821798, size 0x12 fully unreadable
[0914/182726:ERROR:process_info.cc(608)] range at 0x26839821f20, size 0x84 fully unreadable
[0914/182726:ERROR:process_info.cc(608)] range at 0x268398217c0, size 0x3e fully unreadable
[0914/182726:ERROR:process_info.cc(608)] range at 0x268398217e8, size 0x16 fully unreadable
[0914/182726:ERROR:process_info.cc(608)] range at 0x26839822510, size 0x84 fully unreadable
[0914/182726:ERROR:process_info.cc(608)] range at 0x268398216d0, size 0x40 fully unreadable
[0914/182726:ERROR:process_info.cc(608)] range at 0x268398216f8, size 0x18 fully unreadable
[0914/182726:ERROR:process_info.cc(608)] range at 0x268398222b0, size 0x84 fully unreadable
[0914/182726:ERROR:process_info.cc(608)] range at 0x2683981f980, size 0x4e fully unreadable
[0914/182726:ERROR:process_info.cc(608)] range at 0x2683981f9a8, size 0x26 fully unreadable
[0914/182726:ERROR:process_info.cc(608)] range at 0x26839822180, size 0x84 fully unreadable
[0914/182726:ERROR:process_info.cc(608)] range at 0x268398218b0, size 0x40 fully unreadable
[0914/182726:ERROR:process_info.cc(608)] range at 0x268398218d8, size 0x18 fully unreadable
[0914/182726:ERROR:process_info.cc(608)] range at 0x268398223e0, size 0x84 fully unreadable
[0914/182726:ERROR:process_info.cc(608)] range at 0x26839821900, size 0x40 fully unreadable
[0914/182726:ERROR:process_info.cc(608)] range at 0x26839821928, size 0x18 fully unreadable
[0914/182726:ERROR:process_info.cc(608)] range at 0x268398228a0, size 0x84 fully unreadable
[0914/182726:ERROR:process_info.cc(608)] range at 0x2683981f9e0, size 0x4c fully unreadable
[0914/182726:ERROR:process_info.cc(608)] range at 0x2683981fa08, size 0x24 fully unreadable
[0914/182726:ERROR:process_info.cc(608)] range at 0x26839822c30, size 0x84 fully unreadable
[0914/182726:ERROR:process_info.cc(608)] range at 0x26839821450, size 0x3c fully unreadable
[0914/182726:ERROR:process_info.cc(608)] range at 0x26839821478, size 0x14 fully unreadable
[0914/182726:ERROR:process_info.cc(608)] range at 0x26839822640, size 0x84 fully unreadable
[0914/182726:ERROR:process_info.cc(608)] range at 0x26839821950, size 0x3e fully unreadable
[0914/182726:ERROR:process_info.cc(608)] range at 0x26839821978, size 0x16 fully unreadable
[0914/182726:ERROR:process_info.cc(608)] range at 0x26839819910, size 0x84 fully unreadable
[0914/182726:ERROR:process_info.cc(608)] range at 0x268398219a0, size 0x3e fully unreadable
[0914/182726:ERROR:process_info.cc(608)] range at 0x268398219c8, size 0x16 fully unreadable
[0914/182726:ERROR:process_info.cc(608)] range at 0x26839822770, size 0x84 fully unreadable
[0914/182726:ERROR:process_info.cc(608)] range at 0x268398219f0, size 0x3e fully unreadable
[0914/182726:ERROR:process_info.cc(608)] range at 0x26839821a18, size 0x16 fully unreadable
[0914/182726:ERROR:process_info.cc(608)] range at 0x268398229d0, size 0x84 fully unreadable
[0914/182726:ERROR:process_info.cc(608)] range at 0x268398193e0, size 0x36 fully unreadable
[0914/182726:ERROR:process_info.cc(608)] range at 0x26839819408, size 0xe fully unreadable
[0914/182726:ERROR:process_info.cc(608)] range at 0x26839822b00, size 0x84 fully unreadable
[0914/182726:ERROR:process_info.cc(608)] range at 0x26839821b30, size 0x3a fully unreadable
[0914/182726:ERROR:process_info.cc(608)] range at 0x26839821b58, size 0x12 fully unreadable
[0914/182726:ERROR:process_info.cc(608)] range at 0x2683982f280, size 0x84 fully unreadable
[0914/182726:ERROR:process_info.cc(608)] range at 0x26839830cf0, size 0x9a fully unreadable
[0914/182726:ERROR:process_info.cc(608)] range at 0x26839830d6e, size 0x1c fully unreadable
[0914/182726:ERROR:process_info.cc(608)] range at 0x26839830580, size 0x84 fully unreadable
[0914/182726:ERROR:process_info.cc(608)] range at 0x2683982b910, size 0x3e fully unreadable
[0914/182726:ERROR:process_info.cc(608)] range at 0x2683982b938, size 0x16 fully unreadable
[0914/182726:ERROR:process_info.cc(608)] range at 0x2683982f3b0, size 0x84 fully unreadable
[0914/182726:ERROR:process_info.cc(608)] range at 0x2683982ba00, size 0x3a fully unreadable
[0914/182726:ERROR:process_info.cc(608)] range at 0x2683982ba28, size 0x12 fully unreadable
[0914/182726:ERROR:process_info.cc(608)] range at 0x26839830450, size 0x84 fully unreadable
[0914/182726:ERROR:process_info.cc(608)] range at 0x2683982c6d0, size 0x40 fully unreadable
[0914/182726:ERROR:process_info.cc(608)] range at 0x2683982c6f8, size 0x18 fully unreadable
[0914/182726:ERROR:process_info.cc(608)] range at 0x2683982eb60, size 0x84 fully unreadable
[0914/182726:ERROR:process_info.cc(608)] range at 0x2683982c770, size 0x3e fully unreadable
[0914/182726:ERROR:process_info.cc(608)] range at 0x2683982c798, size 0x16 fully unreadable
[0914/182726:ERROR:process_info.cc(608)] range at 0x2683982f4e0, size 0x84 fully unreadable
[0914/182726:ERROR:process_info.cc(608)] range at 0x2683982c090, size 0x42 fully unreadable
[0914/182726:ERROR:process_info.cc(608)] range at 0x2683982c0b8, size 0x1a fully unreadable
[0914/182726:ERROR:process_info.cc(608)] range at 0x268398301f0, size 0x84 fully unreadable
[0914/182726:ERROR:process_info.cc(608)] range at 0x2683982baa0, size 0x42 fully unreadable
[0914/182726:ERROR:process_info.cc(608)] range at 0x2683982bac8, size 0x1a fully unreadable
[0914/182726:ERROR:process_info.cc(608)] range at 0x268398300c0, size 0x84 fully unreadable
[0914/182726:ERROR:process_info.cc(608)] range at 0x2683982c040, size 0x3c fully unreadable
[0914/182726:ERROR:process_info.cc(608)] range at 0x2683982c068, size 0x14 fully unreadable
[0914/182726:ERROR:process_info.cc(608)] range at 0x26839830320, size 0x84 fully unreadable
[0914/182726:ERROR:process_info.cc(608)] range at 0x2683982c590, size 0x40 fully unreadable
[0914/182726:ERROR:process_info.cc(608)] range at 0x2683982c5b8, size 0x18 fully unreadable
[0914/182726:ERROR:process_info.cc(608)] range at 0x2683982ec90, size 0x84 fully unreadable
[0914/182726:ERROR:process_info.cc(608)] range at 0x26839844610, size 0x9e fully unreadable
[0914/182726:ERROR:process_info.cc(608)] range at 0x2683984468e, size 0x20 fully unreadable
[0914/182726:ERROR:process_info.cc(608)] range at 0x2683982f610, size 0x84 fully unreadable
[0914/182726:ERROR:process_info.cc(608)] range at 0x26839853c60, size 0x3a fully unreadable
[0914/182726:ERROR:process_info.cc(608)] range at 0x26839853c88, size 0x12 fully unreadable
[0914/182726:ERROR:process_info.cc(608)] range at 0x2683982f740, size 0x84 fully unreadable
[0914/182726:ERROR:process_info.cc(608)] range at 0x26839853d50, size 0x40 fully unreadable
[0914/182726:ERROR:process_info.cc(608)] range at 0x26839853d78, size 0x18 fully unreadable
[0914/182726:ERROR:process_info.cc(608)] range at 0x2683982f020, size 0x84 fully unreadable
[0914/182726:ERROR:process_info.cc(608)] range at 0x26839853760, size 0x3c fully unreadable
[0914/182726:ERROR:process_info.cc(608)] range at 0x26839853788, size 0x14 fully unreadable
[0914/182726:ERROR:process_info.cc(608)] range at 0x268398306b0, size 0x84 fully unreadable
[0914/182726:ERROR:process_info.cc(608)] range at 0x26839853f80, size 0x40 fully unreadable
[0914/182726:ERROR:process_info.cc(608)] range at 0x26839853fa8, size 0x18 fully unreadable
[0914/182726:ERROR:process_info.cc(608)] range at 0x268398307e0, size 0x84 fully unreadable
[0914/182726:ERROR:process_info.cc(608)] range at 0x26839853800, size 0x3c fully unreadable
[0914/182726:ERROR:process_info.cc(608)] range at 0x26839853828, size 0x14 fully unreadable
[0914/182726:ERROR:process_info.cc(608)] range at 0x2683982f150, size 0x84 fully unreadable
[0914/182726:ERROR:process_info.cc(608)] range at 0x268398542a0, size 0x3e fully unreadable
[0914/182726:ERROR:process_info.cc(608)] range at 0x268398542c8, size 0x16 fully unreadable
[0914/182726:ERROR:process_info.cc(608)] range at 0x2683982eef0, size 0x84 fully unreadable
[0914/182726:ERROR:process_info.cc(608)] range at 0x268398541b0, size 0x40 fully unreadable
[0914/182726:ERROR:process_info.cc(608)] range at 0x268398541d8, size 0x18 fully unreadable
[0914/182726:ERROR:process_info.cc(608)] range at 0x2683982edc0, size 0x84 fully unreadable
[0914/182726:ERROR:process_info.cc(608)] range at 0x26839854f90, size 0xf2 fully unreadable
[0914/182726:ERROR:process_info.cc(608)] range at 0x2683985506a, size 0x18 fully unreadable
[0914/182726:ERROR:process_info.cc(608)] range at 0x2683982fad0, size 0x84 fully unreadable
[0914/182726:ERROR:process_info.cc(608)] range at 0x26839853440, size 0x40 fully unreadable
[0914/182726:ERROR:process_info.cc(608)] range at 0x26839853468, size 0x18 fully unreadable
[0914/182726:ERROR:process_info.cc(608)] range at 0x2683982f870, size 0x84 fully unreadable
[0914/182726:ERROR:process_info.cc(608)] range at 0x26839853530, size 0x3a fully unreadable
[0914/182726:ERROR:process_info.cc(608)] range at 0x26839853558, size 0x12 fully unreadable
[0914/182726:ERROR:process_info.cc(608)] range at 0x2683982fd30, size 0x84 fully unreadable
[0914/182726:ERROR:process_info.cc(608)] range at 0x26839854200, size 0x3e fully unreadable
[0914/182726:ERROR:process_info.cc(608)] range at 0x26839854228, size 0x16 fully unreadable
[0914/182726:ERROR:process_info.cc(608)] range at 0x2683982f9a0, size 0x84 fully unreadable
[0914/182726:ERROR:process_info.cc(608)] range at 0x268398536c0, size 0x3c fully unreadable
[0914/182726:ERROR:process_info.cc(608)] range at 0x268398536e8, size 0x14 fully unreadable
[0914/182726:ERROR:process_info.cc(608)] range at 0x26839813af0, size 0x84 fully unreadable
[0914/182726:ERROR:process_info.cc(608)] range at 0x268398139f0, size 0x3a fully unreadable
[0914/182726:ERROR:process_info.cc(608)] range at 0x7ffe4e90b7c0, size 0x12 fully unreadable
[0914/182726:ERROR:process_info.cc(608)] range at 0x268398146b0, size 0x84 fully unreadable
[0914/182726:ERROR:process_info.cc(608)] range at 0x26839814840, size 0x44 fully unreadable
[0914/182726:ERROR:process_info.cc(608)] range at 0x26839814868, size 0x1c fully unreadable
[0914/182726:ERROR:process_info.cc(608)] range at 0x268398141e0, size 0x84 fully unreadable
[0914/182726:ERROR:process_info.cc(608)] range at 0x26839814370, size 0x40 fully unreadable
[0914/182726:ERROR:process_info.cc(608)] range at 0x26839814398, size 0x18 fully unreadable
[0914/182726:ERROR:process_info.cc(608)] range at 0x26839815fd0, size 0x84 fully unreadable
[0914/182726:ERROR:process_info.cc(608)] range at 0x26839814650, size 0x3e fully unreadable
[0914/182726:ERROR:process_info.cc(608)] range at 0x26839814678, size 0x16 fully unreadable
[0914/182726:ERROR:process_info.cc(608)] range at 0x26839819140, size 0x84 fully unreadable
[0914/182726:ERROR:process_info.cc(608)] range at 0x268398192d0, size 0x56 fully unreadable
[0914/182726:ERROR:process_info.cc(608)] range at 0x2683981930e, size 0x18 fully unreadable
[0914/182726:ERROR:process_info.cc(608)] range at 0x2683981ea00, size 0x84 fully unreadable
[0914/182726:ERROR:process_info.cc(608)] range at 0x2683981eb90, size 0x3c fully unreadable
[0914/182726:ERROR:process_info.cc(608)] range at 0x2683981ebb8, size 0x14 fully unreadable
[0914/182726:ERROR:process_info.cc(608)] range at 0x268398195f0, size 0x84 fully unreadable
[0914/182726:ERROR:process_info.cc(608)] range at 0x26839819720, size 0x3c fully unreadable
[0914/182726:ERROR:process_info.cc(608)] range at 0x26839819748, size 0x14 fully unreadable
[0914/182726:ERROR:process_info.cc(608)] range at 0x2683981ed70, size 0x84 fully unreadable
[0914/182726:ERROR:process_info.cc(608)] range at 0x2683981ef00, size 0x3e fully unreadable
[0914/182726:ERROR:process_info.cc(608)] range at 0x2683981ef28, size 0x16 fully unreadable
[0914/182726:ERROR:process_info.cc(608)] range at 0x26839819910, size 0x84 fully unreadable
[0914/182726:ERROR:process_info.cc(608)] range at 0x268398219a0, size 0x3e fully unreadable
[0914/182726:ERROR:process_info.cc(608)] range at 0x268398219c8, size 0x16 fully unreadable
[0914/182726:ERROR:process_info.cc(608)] range at 0x2683981f740, size 0x84 fully unreadable
[0914/182726:ERROR:process_info.cc(608)] range at 0x26839820080, size 0x40 fully unreadable
[0914/182726:ERROR:process_info.cc(608)] range at 0x268398200a8, size 0x18 fully unreadable
[0914/182726:ERROR:process_info.cc(608)] range at 0x26839820270, size 0x84 fully unreadable
[0914/182726:ERROR:process_info.cc(608)] range at 0x2683981ffe0, size 0x50 fully unreadable
[0914/182726:ERROR:process_info.cc(608)] range at 0x26839820008, size 0x28 fully unreadable
[0914/182726:ERROR:process_info.cc(608)] range at 0x2683981f330, size 0x84 fully unreadable
[0914/182726:ERROR:process_info.cc(608)] range at 0x2683981f4c0, size 0x3e fully unreadable
[0914/182726:ERROR:process_info.cc(608)] range at 0x2683981f4e8, size 0x16 fully unreadable
[0914/182726:ERROR:process_info.cc(608)] range at 0x26839822050, size 0x84 fully unreadable
[0914/182726:ERROR:process_info.cc(608)] range at 0x268398214a0, size 0x3c fully unreadable
[0914/182726:ERROR:process_info.cc(608)] range at 0x268398214c8, size 0x14 fully unreadable
[0914/182726:ERROR:process_info.cc(608)] range at 0x26839821280, size 0x84 fully unreadable
[0914/182726:ERROR:process_info.cc(608)] range at 0x26839821720, size 0x3c fully unreadable
[0914/182726:ERROR:process_info.cc(608)] range at 0x26839821748, size 0x14 fully unreadable
[0914/182726:ERROR:process_info.cc(608)] range at 0x26839820740, size 0x84 fully unreadable
[0914/182726:ERROR:process_info.cc(608)] range at 0x26839820870, size 0x42 fully unreadable
[0914/182726:ERROR:process_info.cc(608)] range at 0x26839820898, size 0x1a fully unreadable
[0914/182726:ERROR:process_info.cc(608)] range at 0x268398204d0, size 0x84 fully unreadable
[0914/182726:ERROR:process_info.cc(608)] range at 0x26839820600, size 0x3a fully unreadable
[0914/182726:ERROR:process_info.cc(608)] range at 0x26839820628, size 0x12 fully unreadable
[0914/182726:ERROR:process_info.cc(608)] range at 0x26839822b00, size 0x84 fully unreadable
[0914/182726:ERROR:process_info.cc(608)] range at 0x26839821b30, size 0x3a fully unreadable
[0914/182726:ERROR:process_info.cc(608)] range at 0x26839821b58, size 0x12 fully unreadable
[0914/182726:ERROR:process_info.cc(608)] range at 0x2683981efb0, size 0x84 fully unreadable
[0914/182726:ERROR:process_info.cc(608)] range at 0x26839819bc0, size 0x3e fully unreadable
[0914/182726:ERROR:process_info.cc(608)] range at 0x26839819be8, size 0x16 fully unreadable
[0914/182726:ERROR:process_info.cc(608)] range at 0x26839821df0, size 0x84 fully unreadable
[0914/182726:ERROR:process_info.cc(608)] range at 0x26839821770, size 0x3a fully unreadable
[0914/182726:ERROR:process_info.cc(608)] range at 0x26839821798, size 0x12 fully unreadable
[0914/182726:ERROR:process_info.cc(608)] range at 0x26839822510, size 0x84 fully unreadable
[0914/182726:ERROR:process_info.cc(608)] range at 0x268398216d0, size 0x40 fully unreadable
[0914/182726:ERROR:process_info.cc(608)] range at 0x268398216f8, size 0x18 fully unreadable
[0914/182726:ERROR:process_info.cc(608)] range at 0x26839822180, size 0x84 fully unreadable
[0914/182726:ERROR:process_info.cc(608)] range at 0x268398218b0, size 0x40 fully unreadable
[0914/182726:ERROR:process_info.cc(608)] range at 0x268398218d8, size 0x18 fully unreadable
[0914/182726:ERROR:process_info.cc(608)] range at 0x268398223e0, size 0x84 fully unreadable
[0914/182726:ERROR:process_info.cc(608)] range at 0x26839821900, size 0x40 fully unreadable
[0914/182726:ERROR:process_info.cc(608)] range at 0x26839821928, size 0x18 fully unreadable
[0914/182726:ERROR:process_info.cc(608)] range at 0x268398228a0, size 0x84 fully unreadable
[0914/182726:ERROR:process_info.cc(608)] range at 0x2683981f9e0, size 0x4c fully unreadable
[0914/182726:ERROR:process_info.cc(608)] range at 0x2683981fa08, size 0x24 fully unreadable
[0914/182726:ERROR:process_info.cc(608)] range at 0x26839822c30, size 0x84 fully unreadable
[0914/182726:ERROR:process_info.cc(608)] range at 0x26839821450, size 0x3c fully unreadable
[0914/182726:ERROR:process_info.cc(608)] range at 0x26839821478, size 0x14 fully unreadable
[0914/182726:ERROR:process_info.cc(608)] range at 0x26839822640, size 0x84 fully unreadable
[0914/182726:ERROR:process_info.cc(608)] range at 0x26839821950, size 0x3e fully unreadable
[0914/182726:ERROR:process_info.cc(608)] range at 0x26839821978, size 0x16 fully unreadable
[0914/182726:ERROR:process_info.cc(608)] range at 0x268398222b0, size 0x84 fully unreadable
[0914/182726:ERROR:process_info.cc(608)] range at 0x2683981f980, size 0x4e fully unreadable
[0914/182726:ERROR:process_info.cc(608)] range at 0x2683981f9a8, size 0x26 fully unreadable
[0914/182726:ERROR:process_info.cc(608)] range at 0x26839821f20, size 0x84 fully unreadable
[0914/182726:ERROR:process_info.cc(608)] range at 0x268398217c0, size 0x3e fully unreadable
[0914/182726:ERROR:process_info.cc(608)] range at 0x268398217e8, size 0x16 fully unreadable
[0914/182726:ERROR:process_info.cc(608)] range at 0x26839822770, size 0x84 fully unreadable
[0914/182726:ERROR:process_info.cc(608)] range at 0x268398219f0, size 0x3e fully unreadable
[0914/182726:ERROR:process_info.cc(608)] range at 0x26839821a18, size 0x16 fully unreadable
[0914/182726:ERROR:process_info.cc(608)] range at 0x268398229d0, size 0x84 fully unreadable
[0914/182726:ERROR:process_info.cc(608)] range at 0x268398193e0, size 0x36 fully unreadable
[0914/182726:ERROR:process_info.cc(608)] range at 0x26839819408, size 0xe fully unreadable
[0914/182726:ERROR:process_info.cc(608)] range at 0x268398301f0, size 0x84 fully unreadable
[0914/182726:ERROR:process_info.cc(608)] range at 0x2683982baa0, size 0x42 fully unreadable
[0914/182726:ERROR:process_info.cc(608)] range at 0x2683982bac8, size 0x1a fully unreadable
[0914/182726:ERROR:process_info.cc(608)] range at 0x2683982f280, size 0x84 fully unreadable
[0914/182726:ERROR:process_info.cc(608)] range at 0x26839830cf0, size 0x9a fully unreadable
[0914/182726:ERROR:process_info.cc(608)] range at 0x26839830d6e, size 0x1c fully unreadable
[0914/182726:ERROR:process_info.cc(608)] range at 0x26839830580, size 0x84 fully unreadable
[0914/182726:ERROR:process_info.cc(608)] range at 0x2683982b910, size 0x3e fully unreadable
[0914/182726:ERROR:process_info.cc(608)] range at 0x2683982b938, size 0x16 fully unreadable
[0914/182726:ERROR:process_info.cc(608)] range at 0x2683982f4e0, size 0x84 fully unreadable
[0914/182726:ERROR:process_info.cc(608)] range at 0x2683982c090, size 0x42 fully unreadable
[0914/182726:ERROR:process_info.cc(608)] range at 0x2683982c0b8, size 0x1a fully unreadable
[0914/182726:ERROR:process_info.cc(608)] range at 0x2683982f3b0, size 0x84 fully unreadable
[0914/182726:ERROR:process_info.cc(608)] range at 0x2683982ba00, size 0x3a fully unreadable
[0914/182726:ERROR:process_info.cc(608)] range at 0x2683982ba28, size 0x12 fully unreadable
[0914/182726:ERROR:process_info.cc(608)] range at 0x26839830450, size 0x84 fully unreadable
[0914/182726:ERROR:process_info.cc(608)] range at 0x2683982c6d0, size 0x40 fully unreadable
[0914/182726:ERROR:process_info.cc(608)] range at 0x2683982c6f8, size 0x18 fully unreadable
[0914/182726:ERROR:process_info.cc(608)] range at 0x2683982eb60, size 0x84 fully unreadable
[0914/182726:ERROR:process_info.cc(608)] range at 0x2683982c770, size 0x3e fully unreadable
[0914/182726:ERROR:process_info.cc(608)] range at 0x2683982c798, size 0x16 fully unreadable
[0914/182726:ERROR:process_info.cc(608)] range at 0x26839830320, size 0x84 fully unreadable
[0914/182726:ERROR:process_info.cc(608)] range at 0x2683982c590, size 0x40 fully unreadable
[0914/182726:ERROR:process_info.cc(608)] range at 0x2683982c5b8, size 0x18 fully unreadable
[0914/182726:ERROR:process_info.cc(608)] range at 0x268398300c0, size 0x84 fully unreadable
[0914/182726:ERROR:process_info.cc(608)] range at 0x2683982c040, size 0x3c fully unreadable
[0914/182726:ERROR:process_info.cc(608)] range at 0x2683982c068, size 0x14 fully unreadable
[0914/182726:ERROR:process_info.cc(608)] range at 0x2683982f610, size 0x84 fully unreadable
[0914/182726:ERROR:process_info.cc(608)] range at 0x26839853c60, size 0x3a fully unreadable
[0914/182726:ERROR:process_info.cc(608)] range at 0x26839853c88, size 0x12 fully unreadable
[0914/182726:ERROR:process_info.cc(608)] range at 0x2683982f9a0, size 0x84 fully unreadable
[0914/182726:ERROR:process_info.cc(608)] range at 0x268398536c0, size 0x3c fully unreadable
[0914/182726:ERROR:process_info.cc(608)] range at 0x268398536e8, size 0x14 fully unreadable
[0914/182726:ERROR:process_info.cc(608)] range at 0x2683982eef0, size 0x84 fully unreadable
[0914/182726:ERROR:process_info.cc(608)] range at 0x268398541b0, size 0x40 fully unreadable
[0914/182726:ERROR:process_info.cc(608)] range at 0x268398541d8, size 0x18 fully unreadable
[0914/182726:ERROR:process_info.cc(608)] range at 0x2683982edc0, size 0x84 fully unreadable
[0914/182726:ERROR:process_info.cc(608)] range at 0x26839854f90, size 0xf2 fully unreadable
[0914/182726:ERROR:process_info.cc(608)] range at 0x2683985506a, size 0x18 fully unreadable
[0914/182726:ERROR:process_info.cc(608)] range at 0x2683982f740, size 0x84 fully unreadable
[0914/182726:ERROR:process_info.cc(608)] range at 0x26839853d50, size 0x40 fully unreadable
[0914/182726:ERROR:process_info.cc(608)] range at 0x26839853d78, size 0x18 fully unreadable
[0914/182726:ERROR:process_info.cc(608)] range at 0x2683982fad0, size 0x84 fully unreadable
[0914/182726:ERROR:process_info.cc(608)] range at 0x26839853440, size 0x40 fully unreadable
[0914/182726:ERROR:process_info.cc(608)] range at 0x26839853468, size 0x18 fully unreadable
[0914/182726:ERROR:process_info.cc(608)] range at 0x2683982f020, size 0x84 fully unreadable
[0914/182726:ERROR:process_info.cc(608)] range at 0x26839853760, size 0x3c fully unreadable
[0914/182726:ERROR:process_info.cc(608)] range at 0x26839853788, size 0x14 fully unreadable
[0914/182726:ERROR:process_info.cc(608)] range at 0x2683982f870, size 0x84 fully unreadable
[0914/182726:ERROR:process_info.cc(608)] range at 0x26839853530, size 0x3a fully unreadable
[0914/182726:ERROR:process_info.cc(608)] range at 0x26839853558, size 0x12 fully unreadable
[0914/182726:ERROR:process_info.cc(608)] range at 0x268398307e0, size 0x84 fully unreadable
[0914/182726:ERROR:process_info.cc(608)] range at 0x26839853800, size 0x3c fully unreadable
[0914/182726:ERROR:process_info.cc(608)] range at 0x26839853828, size 0x14 fully unreadable
[0914/182726:ERROR:process_info.cc(608)] range at 0x2683982f150, size 0x84 fully unreadable
[0914/182726:ERROR:process_info.cc(608)] range at 0x268398542a0, size 0x3e fully unreadable
[0914/182726:ERROR:process_info.cc(608)] range at 0x268398542c8, size 0x16 fully unreadable
[0914/182726:ERROR:process_info.cc(608)] range at 0x268398306b0, size 0x84 fully unreadable
[0914/182726:ERROR:process_info.cc(608)] range at 0x26839853f80, size 0x40 fully unreadable
[0914/182726:ERROR:process_info.cc(608)] range at 0x26839853fa8, size 0x18 fully unreadable
[0914/182726:ERROR:process_info.cc(608)] range at 0x2683982fd30, size 0x84 fully unreadable
[0914/182726:ERROR:process_info.cc(608)] range at 0x26839854200, size 0x3e fully unreadable
[0914/182726:ERROR:process_info.cc(608)] range at 0x26839854228, size 0x16 fully unreadable
[0914/182726:ERROR:process_info.cc(608)] range at 0x2683982ec90, size 0x84 fully unreadable
[0914/182726:ERROR:process_info.cc(608)] range at 0x26839844610, size 0x9e fully unreadable
[0914/182726:ERROR:process_info.cc(608)] range at 0x2683984468e, size 0x20 fully unreadable
[0914/182726:ERROR:process_info.cc(608)] range at 0x26839811cd0, size 0x3ec fully unreadable
[0914/182726:ERROR:process_info.cc(608)] range at 0x26839813e40, size 0x7e fully unreadable
[0914/182726:ERROR:process_info.cc(608)] range at 0x268398122e8, size 0x76 fully unreadable
[0914/182726:ERROR:process_info.cc(608)] range at 0x26839812360, size 0x15a4 fully unreadable
[0914/182726:ERROR:process_info.cc(608)] range at 0x3981397e00000000, size 0x268 fully unreadable
[0914/182726:ERROR:process_info.cc(608)] range at 0x398139e200000000, size 0x268 fully unreadable
[0914/182726:ERROR:process_info.cc(608)] range at 0x0, size 0x268 fully unreadable
[0914/182726:ERROR:process_reader_win.cc(253)] range at 0x26839810dd0, size 0x10000 completely inaccessible
[0914/182726:ERROR:process_info.cc(608)] range at 0x7ffe4e93c568, size 0x28 fully unreadable
[0914/182726:ERROR:process_info.cc(608)] range at 0x7ffe4e93c998, size 0x30 fully unreadable
[0914/182726:ERROR:process_reader_win.cc(142)] SuspendThread: Access is denied. (0x5)
[0914/182726:ERROR:process_reader_win.cc(233)] ReadMemory at 0x7ff7adb40000 of 64 bytes failed: Only part of a ReadProcessMemory or WriteProcessMemory request was completed. (0x12B)
[0914/182726:WARNING:pe_image_reader.cc(281)] could not read dos header from C:\Program Files (x86)\Google\Chrome\Application\chrome.exe
[0914/182726:ERROR:process_reader_win.cc(233)] ReadMemory at 0x7ffe12430000 of 64 bytes failed: Only part of a ReadProcessMemory or WriteProcessMemory request was completed. (0x12B)
[0914/182726:WARNING:pe_image_reader.cc(281)] could not read dos header from C:\Program Files (x86)\Google\Chrome\Application\52.0.2743.116\chrome_child.dll
[0914/182726:ERROR:process_reader_win.cc(233)] ReadMemory at 0x7ff7adc29170 of 12 bytes failed: Only part of a ReadProcessMemory or WriteProcessMemory request was completed. (0x12B)
[0914/182726:WARNING:process_snapshot_win.cc(104)] ReadMemory ExceptionInformation failed
[0914/182726:WARNING:crash_report_exception_handler.cc(60)] ProcessSnapshotWin::InitializeException failed
[0914/182726:ERROR:scoped_process_suspend.cc(38)] NtResumeProcess, ntstatus=-1073741558
